Using pip 26.0.1 from /user/undergraduate/tschen25/anaconda3/envs/fht_rocm_env/lib/python3.12/site-packages/pip (python 3.12)
Processing ./.
  Preparing metadata (pyproject.toml): started
  Running command Preparing metadata (pyproject.toml)
  /user/undergraduate/tschen25/anaconda3/envs/fht_rocm_env/lib/python3.12/site-packages/wheel/bdist_wheel.py:4: FutureWarning: The 'wheel' package is no longer the canonical location of the 'bdist_wheel' command, and will be removed in a future release. Please update to setuptools v70.1 or later which contains an integrated version of this command.
    warn(
  /user/undergraduate/tschen25/anaconda3/envs/fht_rocm_env/lib/python3.12/site-packages/setuptools/dist.py:765: SetuptoolsDeprecationWarning: License classifiers are deprecated.
  !!

          ********************************************************************************
          Please consider removing the following classifiers in favor of a SPDX license expression:

          License :: OSI Approved :: BSD License

          See https://packaging.python.org/en/latest/guides/writing-pyproject-toml/#license for details.
          ********************************************************************************

  !!
    self._finalize_license_expression()


  torch.__version__  = 2.11.0+rocm7.2


  setup for HIP
  running dist_info
  creating /tmp/pip-modern-metadata-yyy924w8/fast_hadamard_transform.egg-info
  writing /tmp/pip-modern-metadata-yyy924w8/fast_hadamard_transform.egg-info/PKG-INFO
  writing dependency_links to /tmp/pip-modern-metadata-yyy924w8/fast_hadamard_transform.egg-info/dependency_links.txt
  writing requirements to /tmp/pip-modern-metadata-yyy924w8/fast_hadamard_transform.egg-info/requires.txt
  writing top-level names to /tmp/pip-modern-metadata-yyy924w8/fast_hadamard_transform.egg-info/top_level.txt
  writing manifest file '/tmp/pip-modern-metadata-yyy924w8/fast_hadamard_transform.egg-info/SOURCES.txt'
  reading manifest file '/tmp/pip-modern-metadata-yyy924w8/fast_hadamard_transform.egg-info/SOURCES.txt'
  adding license file 'LICENSE'
  adding license file 'AUTHORS'
  writing manifest file '/tmp/pip-modern-metadata-yyy924w8/fast_hadamard_transform.egg-info/SOURCES.txt'
  creating '/tmp/pip-modern-metadata-yyy924w8/fast_hadamard_transform-1.1.0.dist-info'
  Preparing metadata (pyproject.toml): finished with status 'done'
Requirement already satisfied: torch in /user/undergraduate/tschen25/anaconda3/envs/fht_rocm_env/lib/python3.12/site-packages (from fast_hadamard_transform==1.1.0) (2.11.0+rocm7.2)
Requirement already satisfied: packaging in /user/undergraduate/tschen25/anaconda3/envs/fht_rocm_env/lib/python3.12/site-packages (from fast_hadamard_transform==1.1.0) (26.0)
Requirement already satisfied: ninja in /user/undergraduate/tschen25/anaconda3/envs/fht_rocm_env/lib/python3.12/site-packages (from fast_hadamard_transform==1.1.0) (1.13.0)
Requirement already satisfied: filelock in /user/undergraduate/tschen25/anaconda3/envs/fht_rocm_env/lib/python3.12/site-packages (from torch->fast_hadamard_transform==1.1.0) (3.25.2)
Requirement already satisfied: typing-extensions>=4.10.0 in /user/undergraduate/tschen25/anaconda3/envs/fht_rocm_env/lib/python3.12/site-packages (from torch->fast_hadamard_transform==1.1.0) (4.15.0)
Collecting setuptools<82 (from torch->fast_hadamard_transform==1.1.0)
  Obtaining dependency information for setuptools<82 from https://files.pythonhosted.org/packages/e1/e3/c164c88b2e5ce7b24d667b9bd83589cf4f3520d97cad01534cd3c4f55fdb/setuptools-81.0.0-py3-none-any.whl.metadata
  Using cached setuptools-81.0.0-py3-none-any.whl.metadata (6.6 kB)
Requirement already satisfied: sympy>=1.13.3 in /user/undergraduate/tschen25/anaconda3/envs/fht_rocm_env/lib/python3.12/site-packages (from torch->fast_hadamard_transform==1.1.0) (1.14.0)
Requirement already satisfied: networkx>=2.5.1 in /user/undergraduate/tschen25/anaconda3/envs/fht_rocm_env/lib/python3.12/site-packages (from torch->fast_hadamard_transform==1.1.0) (3.6.1)
Requirement already satisfied: jinja2 in /user/undergraduate/tschen25/anaconda3/envs/fht_rocm_env/lib/python3.12/site-packages (from torch->fast_hadamard_transform==1.1.0) (3.1.6)
Requirement already satisfied: fsspec>=0.8.5 in /user/undergraduate/tschen25/anaconda3/envs/fht_rocm_env/lib/python3.12/site-packages (from torch->fast_hadamard_transform==1.1.0) (2026.2.0)
Requirement already satisfied: triton-rocm==3.6.0 in /user/undergraduate/tschen25/anaconda3/envs/fht_rocm_env/lib/python3.12/site-packages (from torch->fast_hadamard_transform==1.1.0) (3.6.0)
Requirement already satisfied: mpmath<1.4,>=1.1.0 in /user/undergraduate/tschen25/anaconda3/envs/fht_rocm_env/lib/python3.12/site-packages (from sympy>=1.13.3->torch->fast_hadamard_transform==1.1.0) (1.3.0)
Requirement already satisfied: MarkupSafe>=2.0 in /user/undergraduate/tschen25/anaconda3/envs/fht_rocm_env/lib/python3.12/site-packages (from jinja2->torch->fast_hadamard_transform==1.1.0) (2.1.5)
Using cached setuptools-81.0.0-py3-none-any.whl (1.1 MB)
Building wheels for collected packages: fast_hadamard_transform
  Building wheel for fast_hadamard_transform (pyproject.toml): started
  Running command Building wheel for fast_hadamard_transform (pyproject.toml)
  /user/undergraduate/tschen25/anaconda3/envs/fht_rocm_env/lib/python3.12/site-packages/wheel/bdist_wheel.py:4: FutureWarning: The 'wheel' package is no longer the canonical location of the 'bdist_wheel' command, and will be removed in a future release. Please update to setuptools v70.1 or later which contains an integrated version of this command.
    warn(
  /user/undergraduate/tschen25/anaconda3/envs/fht_rocm_env/lib/python3.12/site-packages/setuptools/dist.py:765: SetuptoolsDeprecationWarning: License classifiers are deprecated.
  !!

          ********************************************************************************
          Please consider removing the following classifiers in favor of a SPDX license expression:

          License :: OSI Approved :: BSD License

          See https://packaging.python.org/en/latest/guides/writing-pyproject-toml/#license for details.
          ********************************************************************************

  !!
    self._finalize_license_expression()


  torch.__version__  = 2.11.0+rocm7.2


  setup for HIP
  running bdist_wheel
  running build
  running build_py
  copying fast_hadamard_transform/fast_hadamard_transform_interface.py -> build/lib.linux-x86_64-cpython-312/fast_hadamard_transform
  copying fast_hadamard_transform/__init__.py -> build/lib.linux-x86_64-cpython-312/fast_hadamard_transform
  running build_ext
  building 'fast_hadamard_transform_hip' extension
  ninja: error: build.ninja:29: multiple rules generate /user/undergraduate/tschen25/fast-hadamard-transform/build/temp.linux-x86_64-cpython-312/csrc/fast_hadamard_transform_to_hip.o

  Traceback (most recent call last):
    File "/user/undergraduate/tschen25/anaconda3/envs/fht_rocm_env/lib/python3.12/site-packages/torch/utils/cpp_extension.py", line 2774, in _run_ninja_build
      subprocess.run(
    File "/user/undergraduate/tschen25/anaconda3/envs/fht_rocm_env/lib/python3.12/subprocess.py", line 571, in run
      raise CalledProcessError(retcode, process.args,
  subprocess.CalledProcessError: Command '['ninja', '-v']' returned non-zero exit status 1.

  The above exception was the direct cause of the following exception:

  Traceback (most recent call last):
    File "/user/undergraduate/tschen25/anaconda3/envs/fht_rocm_env/lib/python3.12/site-packages/pip/_vendor/pyproject_hooks/_in_process/_in_process.py", line 389, in <module>
      main()
    File "/user/undergraduate/tschen25/anaconda3/envs/fht_rocm_env/lib/python3.12/site-packages/pip/_vendor/pyproject_hooks/_in_process/_in_process.py", line 373, in main
      json_out["return_val"] = hook(**hook_input["kwargs"])
                               ^^^^^^^^^^^^^^^^^^^^^^^^^^^^
    File "/user/undergraduate/tschen25/anaconda3/envs/fht_rocm_env/lib/python3.12/site-packages/pip/_vendor/pyproject_hooks/_in_process/_in_process.py", line 280, in build_wheel
      return _build_backend().build_wheel(
             ^^^^^^^^^^^^^^^^^^^^^^^^^^^^^
    File "/user/undergraduate/tschen25/anaconda3/envs/fht_rocm_env/lib/python3.12/site-packages/setuptools/build_meta.py", line 441, in build_wheel
      return _build(['bdist_wheel', '--dist-info-dir', str(metadata_directory)])
             ^^^^^^^^^^^^^^^^^^^^^^^^^^^^^^^^^^^^^^^^^^^^^^^^^^^^^^^^^^^^^^^^^^^
    File "/user/undergraduate/tschen25/anaconda3/envs/fht_rocm_env/lib/python3.12/site-packages/setuptools/build_meta.py", line 429, in _build
      return self._build_with_temp_dir(
             ^^^^^^^^^^^^^^^^^^^^^^^^^^
    File "/user/undergraduate/tschen25/anaconda3/envs/fht_rocm_env/lib/python3.12/site-packages/setuptools/build_meta.py", line 410, in _build_with_temp_dir
      self.run_setup()
    File "/user/undergraduate/tschen25/anaconda3/envs/fht_rocm_env/lib/python3.12/site-packages/setuptools/build_meta.py", line 520, in run_setup
      super().run_setup(setup_script=setup_script)
    File "/user/undergraduate/tschen25/anaconda3/envs/fht_rocm_env/lib/python3.12/site-packages/setuptools/build_meta.py", line 317, in run_setup
      exec(code, locals())
    File "<string>", line 266, in <module>
    File "/user/undergraduate/tschen25/anaconda3/envs/fht_rocm_env/lib/python3.12/site-packages/setuptools/__init__.py", line 117, in setup
      return distutils.core.setup(**attrs)  # type: ignore[return-value]
             ^^^^^^^^^^^^^^^^^^^^^^^^^^^^^
    File "/user/undergraduate/tschen25/anaconda3/envs/fht_rocm_env/lib/python3.12/site-packages/setuptools/_distutils/core.py", line 186, in setup
      return run_commands(dist)
             ^^^^^^^^^^^^^^^^^^
    File "/user/undergraduate/tschen25/anaconda3/envs/fht_rocm_env/lib/python3.12/site-packages/setuptools/_distutils/core.py", line 202, in run_commands
      dist.run_commands()
    File "/user/undergraduate/tschen25/anaconda3/envs/fht_rocm_env/lib/python3.12/site-packages/setuptools/_distutils/dist.py", line 1000, in run_commands
      self.run_command(cmd)
    File "/user/undergraduate/tschen25/anaconda3/envs/fht_rocm_env/lib/python3.12/site-packages/setuptools/dist.py", line 1107, in run_command
      super().run_command(command)
    File "/user/undergraduate/tschen25/anaconda3/envs/fht_rocm_env/lib/python3.12/site-packages/setuptools/_distutils/dist.py", line 1019, in run_command
      cmd_obj.run()
    File "<string>", line 241, in run
    File "/user/undergraduate/tschen25/anaconda3/envs/fht_rocm_env/lib/python3.12/site-packages/setuptools/command/bdist_wheel.py", line 370, in run
      self.run_command("build")
    File "/user/undergraduate/tschen25/anaconda3/envs/fht_rocm_env/lib/python3.12/site-packages/setuptools/_distutils/cmd.py", line 341, in run_command
      self.distribution.run_command(command)
    File "/user/undergraduate/tschen25/anaconda3/envs/fht_rocm_env/lib/python3.12/site-packages/setuptools/dist.py", line 1107, in run_command
      super().run_command(command)
    File "/user/undergraduate/tschen25/anaconda3/envs/fht_rocm_env/lib/python3.12/site-packages/setuptools/_distutils/dist.py", line 1019, in run_command
      cmd_obj.run()
    File "/user/undergraduate/tschen25/anaconda3/envs/fht_rocm_env/lib/python3.12/site-packages/setuptools/_distutils/command/build.py", line 135, in run
      self.run_command(cmd_name)
    File "/user/undergraduate/tschen25/anaconda3/envs/fht_rocm_env/lib/python3.12/site-packages/setuptools/_distutils/cmd.py", line 341, in run_command
      self.distribution.run_command(command)
    File "/user/undergraduate/tschen25/anaconda3/envs/fht_rocm_env/lib/python3.12/site-packages/setuptools/dist.py", line 1107, in run_command
      super().run_command(command)
    File "/user/undergraduate/tschen25/anaconda3/envs/fht_rocm_env/lib/python3.12/site-packages/setuptools/_distutils/dist.py", line 1019, in run_command
      cmd_obj.run()
    File "/user/undergraduate/tschen25/anaconda3/envs/fht_rocm_env/lib/python3.12/site-packages/setuptools/command/build_ext.py", line 97, in run
      _build_ext.run(self)
    File "/user/undergraduate/tschen25/anaconda3/envs/fht_rocm_env/lib/python3.12/site-packages/setuptools/_distutils/command/build_ext.py", line 367, in run
      self.build_extensions()
    File "/user/undergraduate/tschen25/anaconda3/envs/fht_rocm_env/lib/python3.12/site-packages/torch/utils/cpp_extension.py", line 1184, in build_extensions
      build_ext.build_extensions(self)
    File "/user/undergraduate/tschen25/anaconda3/envs/fht_rocm_env/lib/python3.12/site-packages/setuptools/_distutils/command/build_ext.py", line 483, in build_extensions
      self._build_extensions_serial()
    File "/user/undergraduate/tschen25/anaconda3/envs/fht_rocm_env/lib/python3.12/site-packages/setuptools/_distutils/command/build_ext.py", line 509, in _build_extensions_serial
      self.build_extension(ext)
    File "/user/undergraduate/tschen25/anaconda3/envs/fht_rocm_env/lib/python3.12/site-packages/setuptools/command/build_ext.py", line 262, in build_extension
      _build_ext.build_extension(self, ext)
    File "/user/undergraduate/tschen25/anaconda3/envs/fht_rocm_env/lib/python3.12/site-packages/setuptools/_distutils/command/build_ext.py", line 564, in build_extension
      objects = self.compiler.compile(
                ^^^^^^^^^^^^^^^^^^^^^^
    File "/user/undergraduate/tschen25/anaconda3/envs/fht_rocm_env/lib/python3.12/site-packages/torch/utils/cpp_extension.py", line 924, in unix_wrap_ninja_compile
      _write_ninja_file_and_compile_objects(
    File "/user/undergraduate/tschen25/anaconda3/envs/fht_rocm_env/lib/python3.12/site-packages/torch/utils/cpp_extension.py", line 2361, in _write_ninja_file_and_compile_objects
      _run_ninja_build(
    File "/user/undergraduate/tschen25/anaconda3/envs/fht_rocm_env/lib/python3.12/site-packages/torch/utils/cpp_extension.py", line 2791, in _run_ninja_build
      raise RuntimeError(message) from e
  RuntimeError: Error compiling objects for extension
  error: subprocess-exited-with-error
  
  × Building wheel for fast_hadamard_transform (pyproject.toml) did not run successfully.
  │ exit code: 1
  ╰─> No available output.
  
  note: This error originates from a subprocess, and is likely not a problem with pip.
  full command: /user/undergraduate/tschen25/anaconda3/envs/fht_rocm_env/bin/python3.12 /user/undergraduate/tschen25/anaconda3/envs/fht_rocm_env/lib/python3.12/site-packages/pip/_vendor/pyproject_hooks/_in_process/_in_process.py build_wheel /tmp/tmpc9dnfx1k
  cwd: /user/undergraduate/tschen25/fast-hadamard-transform
  Building wheel for fast_hadamard_transform (pyproject.toml): finished with status 'error'
  ERROR: Failed building wheel for fast_hadamard_transform
Failed to build fast_hadamard_transform
error: failed-wheel-build-for-install

× Failed to build installable wheels for some pyproject.toml based projects
╰─> fast_hadamard_transform
